<?xml version="1.0" encoding="UTF-8"?>
<robot generator="Robot 6.1 (Python 3.10.9 on win32)" generated="20230623 19:55:25.133" rpa="false" schemaversion="4">
<suite id="s1" name="BDD" source="E:\RobotFramework\BDD.robot">
<test id="s1-t1" name="Cenário 1: Executar vídeo no site do youtube" line="40">
<kw name="Dado que eu acesso o site do youtube">
<kw name="Open Browser" library="SeleniumLibrary">
<arg>${URL}</arg>
<arg>${Browser}</arg>
<doc>Opens a new browser instance to the optional ``url``.</doc>
<msg timestamp="20230623 19:55:25.366" level="INFO">Opening browser 'chrome' to base url 'https://www.youtube.com'.</msg>
<status status="PASS" starttime="20230623 19:55:25.366" endtime="20230623 19:55:29.587"/>
</kw>
<status status="PASS" starttime="20230623 19:55:25.366" endtime="20230623 19:55:29.587"/>
</kw>
<kw name="Quando eu digito o nome da música">
<kw name="Input Text" library="SeleniumLibrary">
<arg>${Input_Pesquisa}</arg>
<arg>${NomeDaMusica}</arg>
<doc>Types the given ``text`` into the text field identified by ``locator``.</doc>
<msg timestamp="20230623 19:55:29.590" level="INFO">Typing text 'One Direction 18' into text field '//input[@id="search"]'.</msg>
<status status="PASS" starttime="20230623 19:55:29.589" endtime="20230623 19:55:30.005"/>
</kw>
<status status="PASS" starttime="20230623 19:55:29.588" endtime="20230623 19:55:30.005"/>
</kw>
<kw name="E clico no botão buscar">
<kw name="Click Element" library="SeleniumLibrary">
<arg>${Button_Pesquisa}</arg>
<doc>Click the element identified by ``locator``.</doc>
<msg timestamp="20230623 19:55:30.007" level="INFO">Clicking element '//button[@id="search-icon-legacy"]'.</msg>
<status status="PASS" starttime="20230623 19:55:30.006" endtime="20230623 19:55:30.121"/>
</kw>
<status status="PASS" starttime="20230623 19:55:30.005" endtime="20230623 19:55:30.121"/>
</kw>
<kw name="E clico na primeira opção da lista">
<kw name="Wait Until Element Is Visible" library="SeleniumLibrary">
<arg>${Primeiro}</arg>
<arg>10</arg>
<doc>Waits until the element ``locator`` is visible.</doc>
<status status="PASS" starttime="20230623 19:55:30.122" endtime="20230623 19:55:31.751"/>
</kw>
<kw name="Click Element" library="SeleniumLibrary">
<arg>${Primeiro}</arg>
<doc>Click the element identified by ``locator``.</doc>
<msg timestamp="20230623 19:55:31.752" level="INFO">Clicking element '(//yt-formatted-string[@class="style-scope ytd-video-renderer"])[1]'.</msg>
<status status="PASS" starttime="20230623 19:55:31.751" endtime="20230623 19:55:31.965"/>
</kw>
<status status="PASS" starttime="20230623 19:55:30.121" endtime="20230623 19:55:31.965"/>
</kw>
<kw name="Então o vídeo é executado">
<kw name="Wait Until Element Is Visible" library="SeleniumLibrary">
<arg>${Prova}</arg>
<arg>30</arg>
<doc>Waits until the element ``locator`` is visible.</doc>
<msg timestamp="20230623 19:56:02.467" level="INFO" html="true">&lt;/td&gt;&lt;/tr&gt;&lt;tr&gt;&lt;td colspan="3"&gt;&lt;a href="selenium-screenshot-6.png"&gt;&lt;img src="selenium-screenshot-6.png" width="800px"&gt;&lt;/a&gt;</msg>
<msg timestamp="20230623 19:56:02.467" level="FAIL">Element '(//div[contains(text(), "Compartilhar")])[1]' not visible after 30 seconds.</msg>
<status status="FAIL" starttime="20230623 19:55:31.966" endtime="20230623 19:56:02.468"/>
</kw>
<kw name="Element Should Be Visible" library="SeleniumLibrary">
<arg>${Prova}</arg>
<doc>Verifies that the element identified by ``locator`` is visible.</doc>
<status status="NOT RUN" starttime="20230623 19:56:02.468" endtime="20230623 19:56:02.468"/>
</kw>
<kw name="Sleep" library="BuiltIn">
<arg>1s</arg>
<doc>Pauses the test executed for the given time.</doc>
<status status="NOT RUN" starttime="20230623 19:56:02.468" endtime="20230623 19:56:02.468"/>
</kw>
<kw name="Close Browser" library="SeleniumLibrary">
<doc>Closes the current browser.</doc>
<status status="NOT RUN" starttime="20230623 19:56:02.468" endtime="20230623 19:56:02.468"/>
</kw>
<status status="FAIL" starttime="20230623 19:55:31.965" endtime="20230623 19:56:02.468"/>
</kw>
<status status="FAIL" starttime="20230623 19:55:25.365" endtime="20230623 19:56:02.469">Element '(//div[contains(text(), "Compartilhar")])[1]' not visible after 30 seconds.</status>
</test>
<status status="FAIL" starttime="20230623 19:55:25.136" endtime="20230623 19:56:02.471"/>
</suite>
<statistics>
<total>
<stat pass="0" fail="1" skip="0">All Tests</stat>
</total>
<tag>
</tag>
<suite>
<stat pass="0" fail="1" skip="0" id="s1" name="BDD">BDD</stat>
</suite>
</statistics>
<errors>
</errors>
</robot>
