<?xml version="1.0" encoding="UTF-8"?>
<robot generator="Robot 6.1 (Python 3.10.9 on win32)" generated="20230623 19:32:55.440" rpa="false" schemaversion="4">
<suite id="s1" name="Form" source="E:\RobotFramework\form.robot">
<test id="s1-t1" name="Cenário 1: Preencher Formulário" line="35">
<kw name="abrir navegador e acessar site">
<kw name="Open Browser" library="SeleniumLibrary">
<arg>https://itera-qa.azurewebsites.net/home/automation</arg>
<arg>chrome</arg>
<doc>Opens a new browser instance to the optional ``url``.</doc>
<msg timestamp="20230623 19:32:55.639" level="INFO">Opening browser 'chrome' to base url 'https://itera-qa.azurewebsites.net/home/automation'.</msg>
<status status="PASS" starttime="20230623 19:32:55.638" endtime="20230623 19:32:58.271"/>
</kw>
<status status="PASS" starttime="20230623 19:32:55.638" endtime="20230623 19:32:58.271"/>
</kw>
<kw name="preencher campos">
<kw name="Input Text" library="SeleniumLibrary">
<arg>${input_name}</arg>
<arg>Gabriel</arg>
<doc>Types the given ``text`` into the text field identified by ``locator``.</doc>
<msg timestamp="20230623 19:32:58.273" level="INFO">Typing text 'Gabriel' into text field '//input[@id="name"]'.</msg>
<status status="PASS" starttime="20230623 19:32:58.272" endtime="20230623 19:32:58.370"/>
</kw>
<kw name="Input Text" library="SeleniumLibrary">
<arg>${input_phone}</arg>
<arg>992475331</arg>
<doc>Types the given ``text`` into the text field identified by ``locator``.</doc>
<msg timestamp="20230623 19:32:58.371" level="INFO">Typing text '992475331' into text field '//input[@id="phone"]'.</msg>
<status status="PASS" starttime="20230623 19:32:58.370" endtime="20230623 19:32:58.457"/>
</kw>
<kw name="Input Text" library="SeleniumLibrary">
<arg>${input_email}</arg>
<arg>gabriel@teste.com</arg>
<doc>Types the given ``text`` into the text field identified by ``locator``.</doc>
<msg timestamp="20230623 19:32:58.457" level="INFO">Typing text 'gabriel@teste.com' into text field '//input[@id="email"]'.</msg>
<status status="PASS" starttime="20230623 19:32:58.457" endtime="20230623 19:32:58.532"/>
</kw>
<kw name="Input Text" library="SeleniumLibrary">
<arg>${input_password}</arg>
<arg>123456</arg>
<doc>Types the given ``text`` into the text field identified by ``locator``.</doc>
<msg timestamp="20230623 19:32:58.533" level="INFO">Typing text '123456' into text field '//input[@id="password"]'.</msg>
<status status="PASS" starttime="20230623 19:32:58.533" endtime="20230623 19:32:58.602"/>
</kw>
<kw name="Input Text" library="SeleniumLibrary">
<arg>${textarea_address}</arg>
<arg>xxxxxxxxxxxxxxxx</arg>
<doc>Types the given ``text`` into the text field identified by ``locator``.</doc>
<msg timestamp="20230623 19:32:58.602" level="INFO">Typing text 'xxxxxxxxxxxxxxxx' into text field '//textarea[@id="address"]'.</msg>
<status status="PASS" starttime="20230623 19:32:58.602" endtime="20230623 19:32:58.674"/>
</kw>
<status status="PASS" starttime="20230623 19:32:58.271" endtime="20230623 19:32:58.674"/>
</kw>
<kw name="clicar em submit">
<kw name="Sleep" library="BuiltIn">
<arg>1s</arg>
<doc>Pauses the test executed for the given time.</doc>
<msg timestamp="20230623 19:32:59.686" level="INFO">Slept 1 second</msg>
<status status="PASS" starttime="20230623 19:32:58.675" endtime="20230623 19:32:59.687"/>
</kw>
<kw name="Click Element" library="SeleniumLibrary">
<arg>${button_submit}</arg>
<doc>Click the element identified by ``locator``.</doc>
<msg timestamp="20230623 19:32:59.689" level="INFO">Clicking element '//button[@name="submit"]'.</msg>
<status status="PASS" starttime="20230623 19:32:59.687" endtime="20230623 19:32:59.781"/>
</kw>
<status status="PASS" starttime="20230623 19:32:58.674" endtime="20230623 19:32:59.781"/>
</kw>
<kw name="Sleep" library="BuiltIn">
<arg>5s</arg>
<doc>Pauses the test executed for the given time.</doc>
<msg timestamp="20230623 19:33:04.785" level="INFO">Slept 5 seconds</msg>
<status status="PASS" starttime="20230623 19:32:59.782" endtime="20230623 19:33:04.785"/>
</kw>
<kw name="fechar navegador">
<kw name="Close Browser" library="SeleniumLibrary">
<doc>Closes the current browser.</doc>
<status status="PASS" starttime="20230623 19:33:04.788" endtime="20230623 19:33:06.971"/>
</kw>
<status status="PASS" starttime="20230623 19:33:04.787" endtime="20230623 19:33:06.971"/>
</kw>
<status status="PASS" starttime="20230623 19:32:55.637" endtime="20230623 19:33:06.972"/>
</test>
<status status="PASS" starttime="20230623 19:32:55.443" endtime="20230623 19:33:06.973"/>
</suite>
<statistics>
<total>
<stat pass="1" fail="0" skip="0">All Tests</stat>
</total>
<tag>
</tag>
<suite>
<stat pass="1" fail="0" skip="0" id="s1" name="Form">Form</stat>
</suite>
</statistics>
<errors>
</errors>
</robot>
